app/build/outputs/logs/manifest-merger-debug-report.txt
-- Merging decision tree log ---
manifest
ADDED from src/main/AndroidManifest.xml:2:1-146:12
	package
		ADDED from src/main/AndroidManifest.xml:3:5-47
		INJECTED from src/main/AndroidManifest.xml
		INJECTED from src/main/AndroidManifest.xml
	android:versionName
		ADDED from src/main/AndroidManifest.xml:5:5-30
		INJECTED from src/main/AndroidManifest.xml
		INJECTED from src/main/AndroidManifest.xml
	android:versionCode
		ADDED from src/main/AndroidManifest.xml:4:5-28
		INJECTED from src/main/AndroidManifest.xml
		INJECTED from src/main/AndroidManifest.xml
	xmlns:android
		ADDED from src/main/AndroidManifest.xml:2:11-69
uses-sdk
ADDED from src/main/AndroidManifest.xml:7:5-9:41
MERGED from [com.android.support:appcompat-v7:23.4.0] AndroidManifest.xml:21:5-23:78
MERGED from [com.android.support:animated-vector-drawable:23.4.0] AndroidManifest.xml:5:5-44
MERGED from [com.android.support:support-vector-drawable:23.4.0] AndroidManifest.xml:5:5-43
MERGED from [com.android.support:support-v4:23.4.0] AndroidManifest.xml:20:5-43
	tools:overrideLibrary
		ADDED from [com.android.support:appcompat-v7:23.4.0] AndroidManifest.xml:23:9-75
	android:targetSdkVersion
		ADDED from src/main/AndroidManifest.xml:9:9-38
		INJECTED from src/main/AndroidManifest.xml
		INJECTED from src/main/AndroidManifest.xml
	android:minSdkVersion
		ADDED from src/main/AndroidManifest.xml:8:9-34
		INJECTED from src/main/AndroidManifest.xml
		INJECTED from src/main/AndroidManifest.xml
uses-permission#android.permission.ACCESS_NETWORK_STATE
ADDED from src/main/AndroidManifest.xml:11:5-79
	android:name
		ADDED from src/main/AndroidManifest.xml:11:22-76
uses-permission#android.permission.INTERNET
ADDED from src/main/AndroidManifest.xml:12:5-67
	android:name
		ADDED from src/main/AndroidManifest.xml:12:22-64
application
ADDED from src/main/AndroidManifest.xml:14:5-144:19
MERGED from [com.android.support:appcompat-v7:23.4.0] AndroidManifest.xml:25:5-20
MERGED from [com.android.support:animated-vector-drawable:23.4.0] AndroidManifest.xml:7:5-20
MERGED from [com.android.support:support-vector-drawable:23.4.0] AndroidManifest.xml:7:5-20
MERGED from [com.android.support:support-v4:23.4.0] AndroidManifest.xml:22:5-20
	android:label
		ADDED from src/main/AndroidManifest.xml:17:9-41
	android:allowBackup
		ADDED from src/main/AndroidManifest.xml:15:9-35
	android:icon
		ADDED from src/main/AndroidManifest.xml:16:9-38
	android:theme
		ADDED from src/main/AndroidManifest.xml:18:9-40
activity#four.ingenium.cyberactbd.MainActivity
ADDED from src/main/AndroidManifest.xml:19:9-27:20
	android:label
		ADDED from src/main/AndroidManifest.xml:21:13-45
	android:name
		ADDED from src/main/AndroidManifest.xml:20:13-65
intent-filter#android.intent.action.MAIN+android.intent.category.LAUNCHER
ADDED from src/main/AndroidManifest.xml:22:13-26:29
action#android.intent.action.MAIN
ADDED from src/main/AndroidManifest.xml:23:17-69
	android:name
		ADDED from src/main/AndroidManifest.xml:23:25-66
category#android.intent.category.LAUNCHER
ADDED from src/main/AndroidManifest.xml:25:17-77
	android:name
		ADDED from src/main/AndroidManifest.xml:25:27-74
activity#four.ingenium.cyberactbd.HomeFragment
ADDED from src/main/AndroidManifest.xml:28:9-31:20
	android:label
		ADDED from src/main/AndroidManifest.xml:30:13-65
	android:name
		ADDED from src/main/AndroidManifest.xml:29:13-65
activity#four.ingenium.cyberactbd.VideoFragment
ADDED from src/main/AndroidManifest.xml:32:9-35:20
	android:label
		ADDED from src/main/AndroidManifest.xml:34:13-66
	android:name
		ADDED from src/main/AndroidManifest.xml:33:13-66
activity#four.ingenium.cyberactbd.Start
ADDED from src/main/AndroidManifest.xml:36:9-39:20
	android:label
		ADDED from src/main/AndroidManifest.xml:38:13-57
	android:name
		ADDED from src/main/AndroidManifest.xml:37:13-58
activity#four.ingenium.cyberactbd.Details
ADDED from src/main/AndroidManifest.xml:40:9-43:20
	android:label
		ADDED from src/main/AndroidManifest.xml:42:13-59
	android:name
		ADDED from src/main/AndroidManifest.xml:41:13-60
activity#four.ingenium.cyberactbd.Advice
ADDED from src/main/AndroidManifest.xml:44:9-47:20
	android:label
		ADDED from src/main/AndroidManifest.xml:46:13-58
	android:name
		ADDED from src/main/AndroidManifest.xml:45:13-59
activity#four.ingenium.cyberactbd.Ict_law
ADDED from src/main/AndroidManifest.xml:48:9-51:20
	android:label
		ADDED from src/main/AndroidManifest.xml:50:13-59
	android:name
		ADDED from src/main/AndroidManifest.xml:49:13-60
activity#four.ingenium.cyberactbd.Reserved_law
ADDED from src/main/AndroidManifest.xml:52:9-55:20
	android:label
		ADDED from src/main/AndroidManifest.xml:54:13-64
	android:name
		ADDED from src/main/AndroidManifest.xml:53:13-65
activity#four.ingenium.cyberactbd.Tribunal
ADDED from src/main/AndroidManifest.xml:56:9-59:20
	android:label
		ADDED from src/main/AndroidManifest.xml:58:13-60
	android:name
		ADDED from src/main/AndroidManifest.xml:57:13-61
activity#four.ingenium.cyberactbd.Aboutapps
ADDED from src/main/AndroidManifest.xml:60:9-63:20
	android:label
		ADDED from src/main/AndroidManifest.xml:62:13-61
	android:name
		ADDED from src/main/AndroidManifest.xml:61:13-62
activity#four.ingenium.cyberactbd.Video1
ADDED from src/main/AndroidManifest.xml:64:9-67:20
	android:label
		ADDED from src/main/AndroidManifest.xml:66:13-58
	android:name
		ADDED from src/main/AndroidManifest.xml:65:13-59
activity#four.ingenium.cyberactbd.Video2
ADDED from src/main/AndroidManifest.xml:68:9-71:20
	android:label
		ADDED from src/main/AndroidManifest.xml:70:13-58
	android:name
		ADDED from src/main/AndroidManifest.xml:69:13-59
activity#four.ingenium.cyberactbd.Video3
ADDED from src/main/AndroidManifest.xml:72:9-75:20
	android:label
		ADDED from src/main/AndroidManifest.xml:74:13-58
	android:name
		ADDED from src/main/AndroidManifest.xml:73:13-59
activity#four.ingenium.cyberactbd.Video4
ADDED from src/main/AndroidManifest.xml:76:9-79:20
	android:label
		ADDED from src/main/AndroidManifest.xml:78:13-58
	android:name
		ADDED from src/main/AndroidManifest.xml:77:13-59
activity#four.ingenium.cyberactbd.Video5
ADDED from src/main/AndroidManifest.xml:80:9-83:20
	android:label
		ADDED from src/main/AndroidManifest.xml:82:13-58
	android:name
		ADDED from src/main/AndroidManifest.xml:81:13-59
activity#four.ingenium.cyberactbd.Crime
ADDED from src/main/AndroidManifest.xml:84:9-87:20
	android:label
		ADDED from src/main/AndroidManifest.xml:86:13-57
	android:name
		ADDED from src/main/AndroidManifest.xml:85:13-58
activity#four.ingenium.cyberactbd.Ciberhistory
ADDED from src/main/AndroidManifest.xml:88:9-91:20
	android:label
		ADDED from src/main/AndroidManifest.xml:90:13-64
	android:name
		ADDED from src/main/AndroidManifest.xml:89:13-65
activity#four.ingenium.cyberactbd.Virus
ADDED from src/main/AndroidManifest.xml:92:9-95:20
	android:label
		ADDED from src/main/AndroidManifest.xml:94:13-57
	android:name
		ADDED from src/main/AndroidManifest.xml:93:13-58
activity#four.ingenium.cyberactbd.Generaltips
ADDED from src/main/AndroidManifest.xml:96:9-99:20
	android:label
		ADDED from src/main/AndroidManifest.xml:98:13-63
	android:name
		ADDED from src/main/AndroidManifest.xml:97:13-64
activity#four.ingenium.cyberactbd.Computertips
ADDED from src/main/AndroidManifest.xml:100:9-103:20
	android:label
		ADDED from src/main/AndroidManifest.xml:102:13-64
	android:name
		ADDED from src/main/AndroidManifest.xml:101:13-65
activity#four.ingenium.cyberactbd.Mobiletips
ADDED from src/main/AndroidManifest.xml:104:9-107:20
	android:label
		ADDED from src/main/AndroidManifest.xml:106:13-62
	android:name
		ADDED from src/main/AndroidManifest.xml:105:13-63
activity#four.ingenium.cyberactbd.Law_one
ADDED from src/main/AndroidManifest.xml:108:9-111:20
	android:label
		ADDED from src/main/AndroidManifest.xml:110:13-59
	android:name
		ADDED from src/main/AndroidManifest.xml:109:13-60
activity#four.ingenium.cyberactbd.Law_two
ADDED from src/main/AndroidManifest.xml:112:9-115:20
	android:label
		ADDED from src/main/AndroidManifest.xml:114:13-59
	android:name
		ADDED from src/main/AndroidManifest.xml:113:13-60
activity#four.ingenium.cyberactbd.Law_three
ADDED from src/main/AndroidManifest.xml:116:9-119:20
	android:label
		ADDED from src/main/AndroidManifest.xml:118:13-61
	android:name
		ADDED from src/main/AndroidManifest.xml:117:13-62
activity#four.ingenium.cyberactbd.Law_four
ADDED from src/main/AndroidManifest.xml:120:9-123:20
	android:label
		ADDED from src/main/AndroidManifest.xml:122:13-60
	android:name
		ADDED from src/main/AndroidManifest.xml:121:13-61
activity#four.ingenium.cyberactbd.Law_five
ADDED from src/main/AndroidManifest.xml:124:9-127:20
	android:label
		ADDED from src/main/AndroidManifest.xml:126:13-60
	android:name
		ADDED from src/main/AndroidManifest.xml:125:13-61
activity#four.ingenium.cyberactbd.Law_six
ADDED from src/main/AndroidManifest.xml:128:9-131:20
	android:label
		ADDED from src/main/AndroidManifest.xml:130:13-59
	android:name
		ADDED from src/main/AndroidManifest.xml:129:13-60
activity#four.ingenium.cyberactbd.Law_seven
ADDED from src/main/AndroidManifest.xml:132:9-135:20
	android:label
		ADDED from src/main/AndroidManifest.xml:134:13-61
	android:name
		ADDED from src/main/AndroidManifest.xml:133:13-62
activity#four.ingenium.cyberactbd.Law_eight
ADDED from src/main/AndroidManifest.xml:136:9-139:20
	android:label
		ADDED from src/main/AndroidManifest.xml:138:13-61
	android:name
		ADDED from src/main/AndroidManifest.xml:137:13-62
activity#four.ingenium.cyberactbd.Law_nine
ADDED from src/main/AndroidManifest.xml:140:9-143:20
	android:label
		ADDED from src/main/AndroidManifest.xml:142:13-60
	android:name
		ADDED from src/main/AndroidManifest.xml:141:13-61